TpTrace Verbose: 0 : 7092, 1, 2021/08/15, 09:55:19.896, 23945660697, vstest.console.dll, Version: 16.11.0-release-20210626-04
TpTrace Information: 0 : 7092, 1, 2021/08/15, 09:55:19.907, 23945760301, vstest.console.dll, FilePatternParser: The given file C:\Users\hp\source\repos\DockerDemo\DockerDemo.Test\bin\Debug\net5.0\fine-code-coverage\build-output\DockerDemo.Test.dll is a full path.
TpTrace Verbose: 0 : 7092, 1, 2021/08/15, 09:55:19.923, 23945917064, vstest.console.dll, TestPluginCache.DiscoverTestExtensions: finding test extensions in assemblies ends with: RuntimeProvider.dll TPluginInfo: Microsoft.VisualStudio.TestPlatform.Common.ExtensionFramework.Utilities.TestRuntimePluginInformation TExtension: Microsoft.VisualStudio.TestPlatform.ObjectModel.Host.ITestRuntimeProvider
TpTrace Verbose: 0 : 7092, 1, 2021/08/15, 09:55:19.923, 23945924183, vstest.console.dll, TestPluginCache.GetExtensionPaths: Filtered extension paths: 
TpTrace Verbose: 0 : 7092, 1, 2021/08/15, 09:55:19.924, 23945926232, vstest.console.dll, TestPluginCache.GetExtensionPaths: Added default extension paths: C:\Program Files\dotnet\sdk\5.0.400\Extensions\Microsoft.Diagnostics.NETCore.Client.dll
C:\Program Files\dotnet\sdk\5.0.400\Extensions\Microsoft.TestPlatform.Extensions.BlameDataCollector.dll
C:\Program Files\dotnet\sdk\5.0.400\Extensions\Microsoft.TestPlatform.Extensions.EventLogCollector.dll
C:\Program Files\dotnet\sdk\5.0.400\Extensions\Microsoft.TestPlatform.TestHostRuntimeProvider.dll
C:\Program Files\dotnet\sdk\5.0.400\Extensions\Microsoft.VisualStudio.TestPlatform.Extensions.Html.TestLogger.dll
C:\Program Files\dotnet\sdk\5.0.400\Extensions\Microsoft.VisualStudio.TestPlatform.Extensions.Trx.TestLogger.dll
TpTrace Verbose: 0 : 7092, 1, 2021/08/15, 09:55:19.924, 23945926537, vstest.console.dll, TestPluginCache.GetExtensionPaths: Added unfilterableExtensionPaths: 
TpTrace Information: 0 : 7092, 1, 2021/08/15, 09:55:19.924, 23945935464, vstest.console.dll, AssemblyResolver.ctor: Creating AssemblyResolver with searchDirectories C:\Program Files\dotnet\sdk\5.0.400\Extensions,C:\Program Files\dotnet\sdk\5.0.400
TpTrace Verbose: 0 : 7092, 1, 2021/08/15, 09:55:19.925, 23945945509, vstest.console.dll, TestPluginCache.DiscoverTestExtensions: Discovering the extensions using extension path.
TpTrace Verbose: 0 : 7092, 1, 2021/08/15, 09:55:19.926, 23945946648, vstest.console.dll, TestPluginCache.GetExtensionPaths: Filtered extension paths: 
TpTrace Verbose: 0 : 7092, 1, 2021/08/15, 09:55:19.926, 23945947000, vstest.console.dll, TestPluginCache.GetExtensionPaths: Added default extension paths: C:\Program Files\dotnet\sdk\5.0.400\Extensions\Microsoft.Diagnostics.NETCore.Client.dll
C:\Program Files\dotnet\sdk\5.0.400\Extensions\Microsoft.TestPlatform.Extensions.BlameDataCollector.dll
C:\Program Files\dotnet\sdk\5.0.400\Extensions\Microsoft.TestPlatform.Extensions.EventLogCollector.dll
C:\Program Files\dotnet\sdk\5.0.400\Extensions\Microsoft.TestPlatform.TestHostRuntimeProvider.dll
C:\Program Files\dotnet\sdk\5.0.400\Extensions\Microsoft.VisualStudio.TestPlatform.Extensions.Html.TestLogger.dll
C:\Program Files\dotnet\sdk\5.0.400\Extensions\Microsoft.VisualStudio.TestPlatform.Extensions.Trx.TestLogger.dll
TpTrace Verbose: 0 : 7092, 1, 2021/08/15, 09:55:19.926, 23945947298, vstest.console.dll, TestPluginCache.GetExtensionPaths: Added unfilterableExtensionPaths: 
TpTrace Verbose: 0 : 7092, 1, 2021/08/15, 09:55:19.926, 23945947784, vstest.console.dll, TestPluginCache.DiscoverTestExtensions: Discovering the extensions using allExtensionPaths: C:\Program Files\dotnet\sdk\5.0.400\Extensions\Microsoft.Diagnostics.NETCore.Client.dll
C:\Program Files\dotnet\sdk\5.0.400\Extensions\Microsoft.TestPlatform.Extensions.BlameDataCollector.dll
C:\Program Files\dotnet\sdk\5.0.400\Extensions\Microsoft.TestPlatform.Extensions.EventLogCollector.dll
C:\Program Files\dotnet\sdk\5.0.400\Extensions\Microsoft.TestPlatform.TestHostRuntimeProvider.dll
C:\Program Files\dotnet\sdk\5.0.400\Extensions\Microsoft.VisualStudio.TestPlatform.Extensions.Html.TestLogger.dll
C:\Program Files\dotnet\sdk\5.0.400\Extensions\Microsoft.VisualStudio.TestPlatform.Extensions.Trx.TestLogger.dll
TpTrace Information: 0 : 7092, 1, 2021/08/15, 09:55:19.926, 23945949540, vstest.console.dll, AssemblyResolver.AddSearchDirectories: Adding more searchDirectories C:\Program Files\dotnet\sdk\5.0.400\Extensions,C:\Program Files\dotnet\sdk\5.0.400
TpTrace Information: 0 : 7092, 1, 2021/08/15, 09:55:19.926, 23945950071, vstest.console.dll, AssemblyResolver.AddSearchDirectories: Adding more searchDirectories C:\Program Files\dotnet\sdk\5.0.400\Extensions,C:\Program Files\dotnet\sdk\5.0.400
TpTrace Information: 0 : 7092, 1, 2021/08/15, 09:55:19.926, 23945950413, vstest.console.dll, AssemblyResolver.AddSearchDirectories: Adding more searchDirectories C:\Program Files\dotnet\sdk\5.0.400\Extensions,C:\Program Files\dotnet\sdk\5.0.400
TpTrace Information: 0 : 7092, 1, 2021/08/15, 09:55:19.926, 23945950629, vstest.console.dll, AssemblyResolver.AddSearchDirectories: Adding more searchDirectories C:\Program Files\dotnet\sdk\5.0.400\Extensions,C:\Program Files\dotnet\sdk\5.0.400
TpTrace Information: 0 : 7092, 1, 2021/08/15, 09:55:19.926, 23945950829, vstest.console.dll, AssemblyResolver.AddSearchDirectories: Adding more searchDirectories C:\Program Files\dotnet\sdk\5.0.400\Extensions,C:\Program Files\dotnet\sdk\5.0.400
TpTrace Information: 0 : 7092, 1, 2021/08/15, 09:55:19.926, 23945951176, vstest.console.dll, AssemblyResolver.AddSearchDirectories: Adding more searchDirectories C:\Program Files\dotnet\sdk\5.0.400\Extensions,C:\Program Files\dotnet\sdk\5.0.400
TpTrace Information: 0 : 7092, 1, 2021/08/15, 09:55:19.926, 23945954179, vstest.console.dll, AssemblyResolver.OnResolve: Microsoft.Diagnostics.NETCore.Client: Resolving assembly.
TpTrace Information: 0 : 7092, 1, 2021/08/15, 09:55:19.926, 23945954645, vstest.console.dll, AssemblyResolver.OnResolve: Microsoft.Diagnostics.NETCore.Client: Searching in: 'C:\Program Files\dotnet\sdk\5.0.400\Extensions'.
TpTrace Information: 0 : 7092, 1, 2021/08/15, 09:55:19.928, 23945973234, vstest.console.dll, AssemblyResolver.OnResolve: Microsoft.Diagnostics.NETCore.Client: Loading assembly 'C:\Program Files\dotnet\sdk\5.0.400\Extensions\Microsoft.Diagnostics.NETCore.Client.dll'.
TpTrace Information: 0 : 7092, 1, 2021/08/15, 09:55:19.930, 23945991509, vstest.console.dll, AssemblyResolver.OnResolve: Resolved assembly: Microsoft.Diagnostics.NETCore.Client, from path: C:\Program Files\dotnet\sdk\5.0.400\Extensions\Microsoft.Diagnostics.NETCore.Client.dll
TpTrace Information: 0 : 7092, 1, 2021/08/15, 09:55:19.933, 23946018756, vstest.console.dll, AssemblyResolver.OnResolve: Microsoft.Bcl.AsyncInterfaces: Resolving assembly.
TpTrace Information: 0 : 7092, 1, 2021/08/15, 09:55:19.933, 23946019521, vstest.console.dll, AssemblyResolver.OnResolve: Microsoft.Bcl.AsyncInterfaces: Searching in: 'C:\Program Files\dotnet\sdk\5.0.400\Extensions'.
TpTrace Information: 0 : 7092, 1, 2021/08/15, 09:55:19.933, 23946020210, vstest.console.dll, AssemblyResolver.OnResolve: Microsoft.Bcl.AsyncInterfaces: Assembly path does not exist: 'C:\Program Files\dotnet\sdk\5.0.400\Extensions\Microsoft.Bcl.AsyncInterfaces.dll', returning.
TpTrace Information: 0 : 7092, 1, 2021/08/15, 09:55:19.933, 23946020706, vstest.console.dll, AssemblyResolver.OnResolve: Microsoft.Bcl.AsyncInterfaces: Assembly path does not exist: 'C:\Program Files\dotnet\sdk\5.0.400\Extensions\Microsoft.Bcl.AsyncInterfaces.exe', returning.
TpTrace Information: 0 : 7092, 1, 2021/08/15, 09:55:19.933, 23946021172, vstest.console.dll, AssemblyResolver.OnResolve: Microsoft.Bcl.AsyncInterfaces: Searching in: 'C:\Program Files\dotnet\sdk\5.0.400'.
TpTrace Information: 0 : 7092, 1, 2021/08/15, 09:55:19.933, 23946021682, vstest.console.dll, AssemblyResolver.OnResolve: Microsoft.Bcl.AsyncInterfaces: Assembly path does not exist: 'C:\Program Files\dotnet\sdk\5.0.400\Microsoft.Bcl.AsyncInterfaces.dll', returning.
TpTrace Information: 0 : 7092, 1, 2021/08/15, 09:55:19.933, 23946022135, vstest.console.dll, AssemblyResolver.OnResolve: Microsoft.Bcl.AsyncInterfaces: Assembly path does not exist: 'C:\Program Files\dotnet\sdk\5.0.400\Microsoft.Bcl.AsyncInterfaces.exe', returning.
TpTrace Information: 0 : 7092, 1, 2021/08/15, 09:55:19.933, 23946022788, vstest.console.dll, AssemblyResolver.OnResolve: Microsoft.Bcl.AsyncInterfaces: Failed to load assembly.
TpTrace Verbose: 0 : 7092, 1, 2021/08/15, 09:55:19.933, 23946023149, vstest.console.dll, CurrentDomainAssemblyResolve: Resolving assembly 'Microsoft.Bcl.AsyncInterfaces'.
TpTrace Information: 0 : 7092, 1, 2021/08/15, 09:55:19.933, 23946023619, vstest.console.dll, AssemblyResolver.OnResolve: Microsoft.Bcl.AsyncInterfaces: Resolving assembly.
TpTrace Information: 0 : 7092, 1, 2021/08/15, 09:55:19.933, 23946023941, vstest.console.dll, AssemblyResolver.OnResolve: Microsoft.Bcl.AsyncInterfaces: Resolved from cache.
TpTrace Verbose: 0 : 7092, 1, 2021/08/15, 09:55:19.933, 23946024157, vstest.console.dll, CurrentDomainAssemblyResolve: Resolving assembly 'Microsoft.Bcl.AsyncInterfaces'.
TpTrace Verbose: 0 : 7092, 1, 2021/08/15, 09:55:19.933, 23946024392, vstest.console.dll, CurrentDomainAssemblyResolve: Failed to resolve assembly 'Microsoft.Bcl.AsyncInterfaces'.
TpTrace Verbose: 0 : 7092, 1, 2021/08/15, 09:55:19.936, 23946054085, vstest.console.dll, CurrentDomainAssemblyResolve: Failed to resolve assembly 'Microsoft.Bcl.AsyncInterfaces'.
TpTrace Warning: 0 : 7092, 1, 2021/08/15, 09:55:19.980, 23946488162, vstest.console.dll, TestPluginDiscoverer: Failed to get types from assembly 'Microsoft.Diagnostics.NETCore.Client, Version=0.2.2.41902, Culture=neutral, PublicKeyToken=31bf3856ad364e35'.  Skipping test extension scan for this assembly.  Error: System.Reflection.ReflectionTypeLoadException: Unable to load one or more of the requested types.
Could not load file or assembly 'Microsoft.Bcl.AsyncInterfaces, Version=1.0.0.0, Culture=neutral, PublicKeyToken=cc7b13ffcd2ddd51'. The system cannot find the file specified.
   at System.Reflection.RuntimeModule.GetTypes(RuntimeModule module)
   at System.Reflection.RuntimeModule.GetTypes()
   at System.Reflection.Assembly.GetTypes()
   at Microsoft.VisualStudio.TestPlatform.Common.ExtensionFramework.TestPluginDiscoverer.GetTestExtensionsFromAssembly[TPluginInfo,TExtension](Assembly assembly, Dictionary`2 pluginInfos)
System.IO.FileNotFoundException: Could not load file or assembly 'Microsoft.Bcl.AsyncInterfaces, Version=1.0.0.0, Culture=neutral, PublicKeyToken=cc7b13ffcd2ddd51'. The system cannot find the file specified.
File name: 'Microsoft.Bcl.AsyncInterfaces, Version=1.0.0.0, Culture=neutral, PublicKeyToken=cc7b13ffcd2ddd51'
TpTrace Warning: 0 : 7092, 1, 2021/08/15, 09:55:19.980, 23946489421, vstest.console.dll, LoaderExceptions: System.IO.FileNotFoundException: Could not load file or assembly 'Microsoft.Bcl.AsyncInterfaces, Version=1.0.0.0, Culture=neutral, PublicKeyToken=cc7b13ffcd2ddd51'. The system cannot find the file specified.
File name: 'Microsoft.Bcl.AsyncInterfaces, Version=1.0.0.0, Culture=neutral, PublicKeyToken=cc7b13ffcd2ddd51'
TpTrace Information: 0 : 7092, 1, 2021/08/15, 09:55:19.980, 23946490323, vstest.console.dll, AssemblyResolver.OnResolve: Microsoft.TestPlatform.Extensions.BlameDataCollector: Resolving assembly.
TpTrace Information: 0 : 7092, 1, 2021/08/15, 09:55:19.980, 23946490623, vstest.console.dll, AssemblyResolver.OnResolve: Microsoft.TestPlatform.Extensions.BlameDataCollector: Searching in: 'C:\Program Files\dotnet\sdk\5.0.400\Extensions'.
TpTrace Information: 0 : 7092, 1, 2021/08/15, 09:55:19.982, 23946507324, vstest.console.dll, AssemblyResolver.OnResolve: Microsoft.TestPlatform.Extensions.BlameDataCollector: Loading assembly 'C:\Program Files\dotnet\sdk\5.0.400\Extensions\Microsoft.TestPlatform.Extensions.BlameDataCollector.dll'.
TpTrace Information: 0 : 7092, 1, 2021/08/15, 09:55:19.983, 23946521806, vstest.console.dll, AssemblyResolver.OnResolve: Resolved assembly: Microsoft.TestPlatform.Extensions.BlameDataCollector, from path: C:\Program Files\dotnet\sdk\5.0.400\Extensions\Microsoft.TestPlatform.Extensions.BlameDataCollector.dll
TpTrace Information: 0 : 7092, 1, 2021/08/15, 09:55:19.985, 23946535708, vstest.console.dll, AssemblyResolver.OnResolve: Microsoft.TestPlatform.Extensions.EventLogCollector: Resolving assembly.
TpTrace Information: 0 : 7092, 1, 2021/08/15, 09:55:19.985, 23946536341, vstest.console.dll, AssemblyResolver.OnResolve: Microsoft.TestPlatform.Extensions.EventLogCollector: Searching in: 'C:\Program Files\dotnet\sdk\5.0.400\Extensions'.
TpTrace Information: 0 : 7092, 1, 2021/08/15, 09:55:19.986, 23946546780, vstest.console.dll, AssemblyResolver.OnResolve: Microsoft.TestPlatform.Extensions.EventLogCollector: Loading assembly 'C:\Program Files\dotnet\sdk\5.0.400\Extensions\Microsoft.TestPlatform.Extensions.EventLogCollector.dll'.
TpTrace Information: 0 : 7092, 1, 2021/08/15, 09:55:19.986, 23946553411, vstest.console.dll, AssemblyResolver.OnResolve: Resolved assembly: Microsoft.TestPlatform.Extensions.EventLogCollector, from path: C:\Program Files\dotnet\sdk\5.0.400\Extensions\Microsoft.TestPlatform.Extensions.EventLogCollector.dll
TpTrace Information: 0 : 7092, 1, 2021/08/15, 09:55:19.988, 23946570136, vstest.console.dll, AssemblyResolver.OnResolve: Microsoft.TestPlatform.TestHostRuntimeProvider: Resolving assembly.
TpTrace Information: 0 : 7092, 1, 2021/08/15, 09:55:19.988, 23946570895, vstest.console.dll, AssemblyResolver.OnResolve: Microsoft.TestPlatform.TestHostRuntimeProvider: Searching in: 'C:\Program Files\dotnet\sdk\5.0.400\Extensions'.
TpTrace Information: 0 : 7092, 1, 2021/08/15, 09:55:19.990, 23946589198, vstest.console.dll, AssemblyResolver.OnResolve: Microsoft.TestPlatform.TestHostRuntimeProvider: Loading assembly 'C:\Program Files\dotnet\sdk\5.0.400\Extensions\Microsoft.TestPlatform.TestHostRuntimeProvider.dll'.
TpTrace Information: 0 : 7092, 1, 2021/08/15, 09:55:19.991, 23946597071, vstest.console.dll, AssemblyResolver.OnResolve: Resolved assembly: Microsoft.TestPlatform.TestHostRuntimeProvider, from path: C:\Program Files\dotnet\sdk\5.0.400\Extensions\Microsoft.TestPlatform.TestHostRuntimeProvider.dll
TpTrace Information: 0 : 7092, 1, 2021/08/15, 09:55:19.992, 23946606228, vstest.console.dll, AssemblyResolver.OnResolve: Microsoft.VisualStudio.TestPlatform.Extensions.Html.TestLogger: Resolving assembly.
TpTrace Information: 0 : 7092, 1, 2021/08/15, 09:55:19.992, 23946607024, vstest.console.dll, AssemblyResolver.OnResolve: Microsoft.VisualStudio.TestPlatform.Extensions.Html.TestLogger: Searching in: 'C:\Program Files\dotnet\sdk\5.0.400\Extensions'.
TpTrace Information: 0 : 7092, 1, 2021/08/15, 09:55:19.993, 23946619215, vstest.console.dll, AssemblyResolver.OnResolve: Microsoft.VisualStudio.TestPlatform.Extensions.Html.TestLogger: Loading assembly 'C:\Program Files\dotnet\sdk\5.0.400\Extensions\Microsoft.VisualStudio.TestPlatform.Extensions.Html.TestLogger.dll'.
TpTrace Information: 0 : 7092, 1, 2021/08/15, 09:55:19.994, 23946635344, vstest.console.dll, AssemblyResolver.OnResolve: Resolved assembly: Microsoft.VisualStudio.TestPlatform.Extensions.Html.TestLogger, from path: C:\Program Files\dotnet\sdk\5.0.400\Extensions\Microsoft.VisualStudio.TestPlatform.Extensions.Html.TestLogger.dll
TpTrace Information: 0 : 7092, 1, 2021/08/15, 09:55:19.995, 23946638469, vstest.console.dll, AssemblyResolver.OnResolve: Microsoft.VisualStudio.TestPlatform.Extensions.Trx.TestLogger: Resolving assembly.
TpTrace Information: 0 : 7092, 1, 2021/08/15, 09:55:19.995, 23946638850, vstest.console.dll, AssemblyResolver.OnResolve: Microsoft.VisualStudio.TestPlatform.Extensions.Trx.TestLogger: Searching in: 'C:\Program Files\dotnet\sdk\5.0.400\Extensions'.
TpTrace Information: 0 : 7092, 1, 2021/08/15, 09:55:19.997, 23946658674, vstest.console.dll, AssemblyResolver.OnResolve: Microsoft.VisualStudio.TestPlatform.Extensions.Trx.TestLogger: Loading assembly 'C:\Program Files\dotnet\sdk\5.0.400\Extensions\Microsoft.VisualStudio.TestPlatform.Extensions.Trx.TestLogger.dll'.
TpTrace Information: 0 : 7092, 1, 2021/08/15, 09:55:19.999, 23946679517, vstest.console.dll, AssemblyResolver.OnResolve: Resolved assembly: Microsoft.VisualStudio.TestPlatform.Extensions.Trx.TestLogger, from path: C:\Program Files\dotnet\sdk\5.0.400\Extensions\Microsoft.VisualStudio.TestPlatform.Extensions.Trx.TestLogger.dll
TpTrace Verbose: 0 : 7092, 1, 2021/08/15, 09:55:19.999, 23946685030, vstest.console.dll, TestPluginCache: Discovered the extensions using extension path ''.
TpTrace Verbose: 0 : 7092, 1, 2021/08/15, 09:55:19.999, 23946685481, vstest.console.dll, TestPluginCache: Discoverers are ''.
TpTrace Verbose: 0 : 7092, 1, 2021/08/15, 09:55:20.000, 23946685667, vstest.console.dll, TestPluginCache: Executors are ''.
TpTrace Verbose: 0 : 7092, 1, 2021/08/15, 09:55:20.000, 23946685920, vstest.console.dll, TestPluginCache: Executors2 are ''.
TpTrace Verbose: 0 : 7092, 1, 2021/08/15, 09:55:20.000, 23946686123, vstest.console.dll, TestPluginCache: Setting providers are ''.
TpTrace Verbose: 0 : 7092, 1, 2021/08/15, 09:55:20.000, 23946686281, vstest.console.dll, TestPluginCache: Loggers are ''.
TpTrace Information: 0 : 7092, 1, 2021/08/15, 09:55:20.006, 23946748756, vstest.console.dll, RunTestsArgumentProcessor:Execute: Test run is starting.
TpTrace Verbose: 0 : 7092, 1, 2021/08/15, 09:55:20.006, 23946749744, vstest.console.dll, RunTestsArgumentProcessor:Execute: Queuing Test run.
TpTrace Information: 0 : 7092, 1, 2021/08/15, 09:55:20.006, 23946751421, vstest.console.dll, TestRequestManager.RunTests: run tests started.
TpTrace Information: 0 : 7092, 1, 2021/08/15, 09:55:20.009, 23946778270, vstest.console.dll, AssemblyMetadataProvider.GetFrameWork: Determined framework:'.NETCoreApp,Version=v5.0' for source: 'C:\Users\hp\source\repos\DockerDemo\DockerDemo.Test\bin\Debug\net5.0\fine-code-coverage\build-output\DockerDemo.Test.dll'
TpTrace Information: 0 : 7092, 1, 2021/08/15, 09:55:20.009, 23946779815, vstest.console.dll, Determined framework for all sources: .NETCoreApp,Version=v5.0
TpTrace Information: 0 : 7092, 1, 2021/08/15, 09:55:20.009, 23946782725, vstest.console.dll, AssemblyMetadataProvider.GetArchitecture: Determined architecture:AnyCPU info for assembly: C:\Users\hp\source\repos\DockerDemo\DockerDemo.Test\bin\Debug\net5.0\fine-code-coverage\build-output\DockerDemo.Test.dll
TpTrace Information: 0 : 7092, 1, 2021/08/15, 09:55:20.011, 23946796106, vstest.console.dll, Determined platform for all sources: X64
TpTrace Information: 0 : 7092, 1, 2021/08/15, 09:55:20.012, 23946813900, vstest.console.dll, Compatible sources list : 
TpTrace Information: 0 : 7092, 1, 2021/08/15, 09:55:20.012, 23946814417, vstest.console.dll, C:\Users\hp\source\repos\DockerDemo\DockerDemo.Test\bin\Debug\net5.0\fine-code-coverage\build-output\DockerDemo.Test.dll
TpTrace Information: 0 : 7092, 1, 2021/08/15, 09:55:20.017, 23946863967, vstest.console.dll, InferRunSettingsHelper.IsTestSettingsEnabled: Unable to navigate to RunSettings/MSTest. Current node: RunSettings
TpTrace Information: 0 : 7092, 1, 2021/08/15, 09:55:20.018, 23946871470, vstest.console.dll, AssemblyResolver.OnResolve: Microsoft.VisualStudio.TestPlatform.Fakes: Resolving assembly.
TpTrace Information: 0 : 7092, 1, 2021/08/15, 09:55:20.018, 23946872067, vstest.console.dll, AssemblyResolver.OnResolve: Microsoft.VisualStudio.TestPlatform.Fakes: Searching in: 'C:\Program Files\dotnet\sdk\5.0.400\Extensions'.
TpTrace Information: 0 : 7092, 1, 2021/08/15, 09:55:20.018, 23946873080, vstest.console.dll, AssemblyResolver.OnResolve: Microsoft.VisualStudio.TestPlatform.Fakes: Assembly path does not exist: 'C:\Program Files\dotnet\sdk\5.0.400\Extensions\Microsoft.VisualStudio.TestPlatform.Fakes.dll', returning.
TpTrace Information: 0 : 7092, 1, 2021/08/15, 09:55:20.018, 23946873733, vstest.console.dll, AssemblyResolver.OnResolve: Microsoft.VisualStudio.TestPlatform.Fakes: Assembly path does not exist: 'C:\Program Files\dotnet\sdk\5.0.400\Extensions\Microsoft.VisualStudio.TestPlatform.Fakes.exe', returning.
TpTrace Information: 0 : 7092, 1, 2021/08/15, 09:55:20.018, 23946873987, vstest.console.dll, AssemblyResolver.OnResolve: Microsoft.VisualStudio.TestPlatform.Fakes: Searching in: 'C:\Program Files\dotnet\sdk\5.0.400'.
TpTrace Information: 0 : 7092, 1, 2021/08/15, 09:55:20.018, 23946874532, vstest.console.dll, AssemblyResolver.OnResolve: Microsoft.VisualStudio.TestPlatform.Fakes: Assembly path does not exist: 'C:\Program Files\dotnet\sdk\5.0.400\Microsoft.VisualStudio.TestPlatform.Fakes.dll', returning.
TpTrace Information: 0 : 7092, 1, 2021/08/15, 09:55:20.018, 23946875491, vstest.console.dll, AssemblyResolver.OnResolve: Microsoft.VisualStudio.TestPlatform.Fakes: Assembly path does not exist: 'C:\Program Files\dotnet\sdk\5.0.400\Microsoft.VisualStudio.TestPlatform.Fakes.exe', returning.
TpTrace Information: 0 : 7092, 1, 2021/08/15, 09:55:20.019, 23946875846, vstest.console.dll, AssemblyResolver.OnResolve: Microsoft.VisualStudio.TestPlatform.Fakes: Failed to load assembly.
TpTrace Information: 0 : 7092, 1, 2021/08/15, 09:55:20.020, 23946890046, vstest.console.dll, Failed to create newly implemented Fakes Configurator. Reason:System.IO.FileNotFoundException: Could not load file or assembly 'Microsoft.VisualStudio.TestPlatform.Fakes, Version=16.0.0.0, Culture=neutral, PublicKeyToken=null'. The system cannot find the file specified.
File name: 'Microsoft.VisualStudio.TestPlatform.Fakes, Version=16.0.0.0, Culture=neutral, PublicKeyToken=null'
   at System.Reflection.RuntimeAssembly.InternalLoad(ObjectHandleOnStack assemblyName, ObjectHandleOnStack requestingAssembly, StackCrawlMarkHandle stackMark, Boolean throwOnFileNotFound, ObjectHandleOnStack assemblyLoadContext, ObjectHandleOnStack retAssembly)
   at System.Reflection.RuntimeAssembly.InternalLoad(AssemblyName assemblyName, RuntimeAssembly requestingAssembly, StackCrawlMark& stackMark, Boolean throwOnFileNotFound, AssemblyLoadContext assemblyLoadContext)
   at System.Reflection.Assembly.Load(AssemblyName assemblyRef)
   at Microsoft.VisualStudio.TestPlatform.Common.Utilities.FakesUtilities.TryGetFakesCrossPlatformDataCollectorConfigurator() 
TpTrace Verbose: 0 : 7092, 1, 2021/08/15, 09:55:20.024, 23946933663, vstest.console.dll, TestPluginCache.DiscoverTestExtensions: finding test extensions in assemblies ends with: TestLogger.dll TPluginInfo: Microsoft.VisualStudio.TestPlatform.Common.ExtensionFramework.Utilities.TestLoggerPluginInformation TExtension: Microsoft.VisualStudio.TestPlatform.ObjectModel.Client.ITestLogger
TpTrace Verbose: 0 : 7092, 1, 2021/08/15, 09:55:20.024, 23946934674, vstest.console.dll, TestPluginCache.GetExtensionPaths: Filtered extension paths: 
TpTrace Verbose: 0 : 7092, 1, 2021/08/15, 09:55:20.024, 23946934902, vstest.console.dll, TestPluginCache.GetExtensionPaths: Added default extension paths: C:\Program Files\dotnet\sdk\5.0.400\Extensions\Microsoft.Diagnostics.NETCore.Client.dll
C:\Program Files\dotnet\sdk\5.0.400\Extensions\Microsoft.TestPlatform.Extensions.BlameDataCollector.dll
C:\Program Files\dotnet\sdk\5.0.400\Extensions\Microsoft.TestPlatform.Extensions.EventLogCollector.dll
C:\Program Files\dotnet\sdk\5.0.400\Extensions\Microsoft.TestPlatform.TestHostRuntimeProvider.dll
C:\Program Files\dotnet\sdk\5.0.400\Extensions\Microsoft.VisualStudio.TestPlatform.Extensions.Html.TestLogger.dll
C:\Program Files\dotnet\sdk\5.0.400\Extensions\Microsoft.VisualStudio.TestPlatform.Extensions.Trx.TestLogger.dll
TpTrace Verbose: 0 : 7092, 1, 2021/08/15, 09:55:20.024, 23946935086, vstest.console.dll, TestPluginCache.GetExtensionPaths: Added unfilterableExtensionPaths: 
TpTrace Information: 0 : 7092, 1, 2021/08/15, 09:55:20.025, 23946936300, vstest.console.dll, AssemblyResolver.AddSearchDirectories: Adding more searchDirectories C:\Program Files\dotnet\sdk\5.0.400\Extensions,C:\Program Files\dotnet\sdk\5.0.400
TpTrace Verbose: 0 : 7092, 1, 2021/08/15, 09:55:20.025, 23946936641, vstest.console.dll, TestPluginCache.DiscoverTestExtensions: Discovering the extensions using extension path.
TpTrace Verbose: 0 : 7092, 1, 2021/08/15, 09:55:20.025, 23946936828, vstest.console.dll, TestPluginCache.GetExtensionPaths: Filtered extension paths: 
TpTrace Verbose: 0 : 7092, 1, 2021/08/15, 09:55:20.025, 23946937079, vstest.console.dll, TestPluginCache.GetExtensionPaths: Added default extension paths: C:\Program Files\dotnet\sdk\5.0.400\Extensions\Microsoft.Diagnostics.NETCore.Client.dll
C:\Program Files\dotnet\sdk\5.0.400\Extensions\Microsoft.TestPlatform.Extensions.BlameDataCollector.dll
C:\Program Files\dotnet\sdk\5.0.400\Extensions\Microsoft.TestPlatform.Extensions.EventLogCollector.dll
C:\Program Files\dotnet\sdk\5.0.400\Extensions\Microsoft.TestPlatform.TestHostRuntimeProvider.dll
C:\Program Files\dotnet\sdk\5.0.400\Extensions\Microsoft.VisualStudio.TestPlatform.Extensions.Html.TestLogger.dll
C:\Program Files\dotnet\sdk\5.0.400\Extensions\Microsoft.VisualStudio.TestPlatform.Extensions.Trx.TestLogger.dll
TpTrace Verbose: 0 : 7092, 1, 2021/08/15, 09:55:20.025, 23946937507, vstest.console.dll, TestPluginCache.GetExtensionPaths: Added unfilterableExtensionPaths: 
TpTrace Verbose: 0 : 7092, 1, 2021/08/15, 09:55:20.025, 23946937757, vstest.console.dll, TestPluginCache.DiscoverTestExtensions: Discovering the extensions using allExtensionPaths: C:\Program Files\dotnet\sdk\5.0.400\Extensions\Microsoft.Diagnostics.NETCore.Client.dll
C:\Program Files\dotnet\sdk\5.0.400\Extensions\Microsoft.TestPlatform.Extensions.BlameDataCollector.dll
C:\Program Files\dotnet\sdk\5.0.400\Extensions\Microsoft.TestPlatform.Extensions.EventLogCollector.dll
C:\Program Files\dotnet\sdk\5.0.400\Extensions\Microsoft.TestPlatform.TestHostRuntimeProvider.dll
C:\Program Files\dotnet\sdk\5.0.400\Extensions\Microsoft.VisualStudio.TestPlatform.Extensions.Html.TestLogger.dll
C:\Program Files\dotnet\sdk\5.0.400\Extensions\Microsoft.VisualStudio.TestPlatform.Extensions.Trx.TestLogger.dll
TpTrace Information: 0 : 7092, 1, 2021/08/15, 09:55:20.025, 23946938030, vstest.console.dll, AssemblyResolver.AddSearchDirectories: Adding more searchDirectories C:\Program Files\dotnet\sdk\5.0.400\Extensions,C:\Program Files\dotnet\sdk\5.0.400
TpTrace Information: 0 : 7092, 1, 2021/08/15, 09:55:20.025, 23946938270, vstest.console.dll, AssemblyResolver.AddSearchDirectories: Adding more searchDirectories C:\Program Files\dotnet\sdk\5.0.400\Extensions,C:\Program Files\dotnet\sdk\5.0.400
TpTrace Information: 0 : 7092, 1, 2021/08/15, 09:55:20.025, 23946938446, vstest.console.dll, AssemblyResolver.AddSearchDirectories: Adding more searchDirectories C:\Program Files\dotnet\sdk\5.0.400\Extensions,C:\Program Files\dotnet\sdk\5.0.400
TpTrace Information: 0 : 7092, 1, 2021/08/15, 09:55:20.025, 23946938616, vstest.console.dll, AssemblyResolver.AddSearchDirectories: Adding more searchDirectories C:\Program Files\dotnet\sdk\5.0.400\Extensions,C:\Program Files\dotnet\sdk\5.0.400
TpTrace Information: 0 : 7092, 1, 2021/08/15, 09:55:20.025, 23946938824, vstest.console.dll, AssemblyResolver.AddSearchDirectories: Adding more searchDirectories C:\Program Files\dotnet\sdk\5.0.400\Extensions,C:\Program Files\dotnet\sdk\5.0.400
TpTrace Information: 0 : 7092, 1, 2021/08/15, 09:55:20.025, 23946938994, vstest.console.dll, AssemblyResolver.AddSearchDirectories: Adding more searchDirectories C:\Program Files\dotnet\sdk\5.0.400\Extensions,C:\Program Files\dotnet\sdk\5.0.400
TpTrace Information: 0 : 7092, 1, 2021/08/15, 09:55:20.025, 23946940773, vstest.console.dll, AssemblyResolver.OnResolve: Microsoft.Bcl.AsyncInterfaces: Resolving assembly.
TpTrace Information: 0 : 7092, 1, 2021/08/15, 09:55:20.025, 23946941129, vstest.console.dll, AssemblyResolver.OnResolve: Microsoft.Bcl.AsyncInterfaces: Resolved from cache.
TpTrace Verbose: 0 : 7092, 1, 2021/08/15, 09:55:20.025, 23946941333, vstest.console.dll, CurrentDomainAssemblyResolve: Resolving assembly 'Microsoft.Bcl.AsyncInterfaces'.
TpTrace Information: 0 : 7092, 1, 2021/08/15, 09:55:20.025, 23946941657, vstest.console.dll, AssemblyResolver.OnResolve: Microsoft.Bcl.AsyncInterfaces: Resolving assembly.
TpTrace Information: 0 : 7092, 1, 2021/08/15, 09:55:20.025, 23946941836, vstest.console.dll, AssemblyResolver.OnResolve: Microsoft.Bcl.AsyncInterfaces: Resolved from cache.
TpTrace Verbose: 0 : 7092, 1, 2021/08/15, 09:55:20.025, 23946942009, vstest.console.dll, CurrentDomainAssemblyResolve: Resolving assembly 'Microsoft.Bcl.AsyncInterfaces'.
TpTrace Verbose: 0 : 7092, 1, 2021/08/15, 09:55:20.025, 23946942191, vstest.console.dll, CurrentDomainAssemblyResolve: Failed to resolve assembly 'Microsoft.Bcl.AsyncInterfaces'.
TpTrace Verbose: 0 : 7092, 1, 2021/08/15, 09:55:20.025, 23946943235, vstest.console.dll, CurrentDomainAssemblyResolve: Failed to resolve assembly 'Microsoft.Bcl.AsyncInterfaces'.
TpTrace Warning: 0 : 7092, 1, 2021/08/15, 09:55:20.025, 23946945041, vstest.console.dll, TestPluginDiscoverer: Failed to get types from assembly 'Microsoft.Diagnostics.NETCore.Client, Version=0.2.2.41902, Culture=neutral, PublicKeyToken=31bf3856ad364e35'.  Skipping test extension scan for this assembly.  Error: System.Reflection.ReflectionTypeLoadException: Unable to load one or more of the requested types.
Could not load file or assembly 'Microsoft.Bcl.AsyncInterfaces, Version=1.0.0.0, Culture=neutral, PublicKeyToken=cc7b13ffcd2ddd51'. The system cannot find the file specified.
   at System.Reflection.RuntimeModule.GetTypes(RuntimeModule module)
   at System.Reflection.RuntimeModule.GetTypes()
   at System.Reflection.Assembly.GetTypes()
   at Microsoft.VisualStudio.TestPlatform.Common.ExtensionFramework.TestPluginDiscoverer.GetTestExtensionsFromAssembly[TPluginInfo,TExtension](Assembly assembly, Dictionary`2 pluginInfos)
System.IO.FileNotFoundException: Could not load file or assembly 'Microsoft.Bcl.AsyncInterfaces, Version=1.0.0.0, Culture=neutral, PublicKeyToken=cc7b13ffcd2ddd51'. The system cannot find the file specified.
File name: 'Microsoft.Bcl.AsyncInterfaces, Version=1.0.0.0, Culture=neutral, PublicKeyToken=cc7b13ffcd2ddd51'
TpTrace Warning: 0 : 7092, 1, 2021/08/15, 09:55:20.025, 23946945379, vstest.console.dll, LoaderExceptions: System.IO.FileNotFoundException: Could not load file or assembly 'Microsoft.Bcl.AsyncInterfaces, Version=1.0.0.0, Culture=neutral, PublicKeyToken=cc7b13ffcd2ddd51'. The system cannot find the file specified.
File name: 'Microsoft.Bcl.AsyncInterfaces, Version=1.0.0.0, Culture=neutral, PublicKeyToken=cc7b13ffcd2ddd51'
TpTrace Verbose: 0 : 7092, 1, 2021/08/15, 09:55:20.026, 23946947822, vstest.console.dll, TestPluginCache: Discovered the extensions using extension path ''.
TpTrace Verbose: 0 : 7092, 1, 2021/08/15, 09:55:20.026, 23946948103, vstest.console.dll, TestPluginCache: Discoverers are ''.
TpTrace Verbose: 0 : 7092, 1, 2021/08/15, 09:55:20.026, 23946948261, vstest.console.dll, TestPluginCache: Executors are ''.
TpTrace Verbose: 0 : 7092, 1, 2021/08/15, 09:55:20.026, 23946948406, vstest.console.dll, TestPluginCache: Executors2 are ''.
TpTrace Verbose: 0 : 7092, 1, 2021/08/15, 09:55:20.026, 23946948587, vstest.console.dll, TestPluginCache: Setting providers are ''.
TpTrace Verbose: 0 : 7092, 1, 2021/08/15, 09:55:20.026, 23946948989, vstest.console.dll, TestPluginCache: Loggers are 'logger://Microsoft/TestPlatform/Extensions/Blame/v1,logger://Microsoft/TestPlatform/HtmlLogger/v1,logger://Microsoft/TestPlatform/TrxLogger/v1'.
TpTrace Information: 0 : 7092, 1, 2021/08/15, 09:55:20.026, 23946953129, vstest.console.dll, TestPluginManager.CreateTestExtension: Attempting to load test extension: Microsoft.TestPlatform.Extensions.BlameDataCollector.BlameLogger
TpTrace Information: 0 : 7092, 1, 2021/08/15, 09:55:20.033, 23947022622, vstest.console.dll, TestPluginManager.CreateTestExtension: Attempting to load test extension: Microsoft.VisualStudio.TestPlatform.CrossPlatEngine.Hosting.DefaultTestHostManager
TpTrace Information: 0 : 7092, 1, 2021/08/15, 09:55:20.033, 23947024920, vstest.console.dll, TestPluginManager.CreateTestExtension: Attempting to load test extension: Microsoft.VisualStudio.TestPlatform.CrossPlatEngine.Hosting.DotnetTestHostManager
TpTrace Verbose: 0 : 7092, 1, 2021/08/15, 09:55:20.034, 23947030539, vstest.console.dll, TestEngine: Initializing Parallel Execution as MaxCpuCount is set to: 1
TpTrace Information: 0 : 7092, 1, 2021/08/15, 09:55:20.034, 23947035194, vstest.console.dll, InferRunSettingsHelper.IsTestSettingsEnabled: Unable to navigate to RunSettings/MSTest. Current node: RunSettings
TpTrace Verbose: 0 : 7092, 1, 2021/08/15, 09:55:20.063, 23947318776, vstest.console.dll, TestRequestSender is acting as server
TpTrace Verbose: 0 : 7092, 4, 2021/08/15, 09:55:20.068, 23947368748, vstest.console.dll, DataCollectionRequestSender.InitializeCommunication : Initialize communication. 
TpTrace Information: 0 : 7092, 4, 2021/08/15, 09:55:20.078, 23947466267, vstest.console.dll, Listening on Endpoint : 127.0.0.1:59091
TpTrace Verbose: 0 : 7092, 4, 2021/08/15, 09:55:20.087, 23947557047, vstest.console.dll, DotnetDataCollectionLauncher: Full path of dotnet.exe is C:\Program Files\dotnet\dotnet.exe
TpTrace Verbose: 0 : 7092, 4, 2021/08/15, 09:55:20.087, 23947558708, vstest.console.dll, DotnetDataCollectionLauncher: Adding  --runtimeconfig "C:\Program Files\dotnet\sdk\5.0.400\datacollector.runtimeconfig.json" in args
TpTrace Verbose: 0 : 7092, 4, 2021/08/15, 09:55:20.087, 23947559614, vstest.console.dll, DotnetDataCollectionLauncher: Adding  --depsfile "C:\Program Files\dotnet\sdk\5.0.400\datacollector.deps.json" in args
TpTrace Information: 0 : 7092, 4, 2021/08/15, 09:55:20.094, 23947631672, vstest.console.dll, ProxyDataCollectionManager.Initialize: Launched datacollector processId: 13136 port: 59091
TpTrace Information: 0 : 7092, 4, 2021/08/15, 09:55:20.094, 23947633301, vstest.console.dll, ProxyDataCollectionManager.Initialize: waiting for connection with timeout: 90 seconds
TpTrace Verbose: 0 : 7092, 4, 2021/08/15, 09:55:20.094, 23947633959, vstest.console.dll, DataCollectionRequestSender.WaitForRequestHandlerConnection : Waiting for connection with timeout: 90000
TpTrace Information: 0 : 7092, 7, 2021/08/15, 09:55:20.244, 23949127728, vstest.console.dll, Using the buffer size of 16384 bytes
TpTrace Verbose: 0 : 7092, 4, 2021/08/15, 09:55:20.244, 23949128640, vstest.console.dll, ProxyDataCollectionManager.InvokeDataCollectionServiceAction: Starting.
TpTrace Information: 0 : 7092, 7, 2021/08/15, 09:55:20.244, 23949128891, vstest.console.dll, Accepted Client request and set the flag
TpTrace Information: 0 : 7092, 4, 2021/08/15, 09:55:20.244, 23949130367, vstest.console.dll, ProxyDataCollectionManager.BeforeTestRunStart: Get environment variable and port for datacollector processId: 13136 port: 59091
TpTrace Verbose: 0 : 7092, 4, 2021/08/15, 09:55:20.244, 23949131502, vstest.console.dll, DataCollectionRequestSender.SendBeforeTestRunStartAndGetResult : Send BeforeTestRunStart message with settingsXml <RunSettings><RunConfiguration><ResultsDirectory>C:\Users\hp\source\repos\DockerDemo\DockerDemo.Test\bin\Debug\net5.0\fine-code-coverage\coverage-tool-output</ResultsDirectory><TargetPlatform>X64</TargetPlatform><TargetFrameworkVersion>.NETCoreApp,Version=v5.0</TargetFrameworkVersion><DesignMode>False</DesignMode><CollectSourceInformation>False</CollectSourceInformation><TestAdaptersPaths>C:\Program Files\dotnet\sdk\5.0.400\Extensions</TestAdaptersPaths></RunConfiguration><LoggerRunSettings><Loggers><Logger friendlyName="blame" enabled="True" /><Logger friendlyName="Console" uri="logger://microsoft/TestPlatform/ConsoleLogger/v1" assemblyQualifiedName="Microsoft.VisualStudio.TestPlatform.CommandLine.Internal.ConsoleLogger, vstest.console, Version=15.0.0.0, Culture=neutral, PublicKeyToken=b03f5f7f11d50a3a" codeBase="C:\Program Files\dotnet\sdk\5.0.400\vstest.console.dll" enabled="True" /></Loggers></LoggerRunSettings><DataCollectionRunSettings><DataCollectors><DataCollector friendlyName="blame" enabled="True"><Configuration><ResultsDirectory>C:\Users\hp\source\repos\DockerDemo\DockerDemo.Test\bin\Debug\net5.0\fine-code-coverage\coverage-tool-output</ResultsDirectory></Configuration></DataCollector></DataCollectors></DataCollectionRunSettings></RunSettings> and sources System.Linq.Enumerable+Concat2Iterator`1[System.String]: 
TpTrace Verbose: 0 : 7092, 4, 2021/08/15, 09:55:20.314, 23949825620, vstest.console.dll, DataCollectionRequestSender.SendBeforeTestRunStartAndGetResult : Received message: (DataCollection.SendMessage) -> {
  "FriendlyName": null,
  "Uri": null,
  "TestCaseId": "00000000-0000-0000-0000-000000000000",
  "Message": "Logging DataCollector Diagnostics in file: C:\\Users\\hp\\source\\repos\\DockerDemo\\DockerDemo.Test\\bin\\Debug\\net5.0\\fine-code-coverage\\coverage-tool-output\\diagnostics.datacollector.21-08-15_09-55-20_08365_4.log",
  "Level": 0
}
TpTrace Verbose: 0 : 7092, 4, 2021/08/15, 09:55:20.374, 23950428155, vstest.console.dll, DataCollectionRequestSender.SendBeforeTestRunStartAndGetResult : Received message: (DataCollection.BeforeTestRunStartResult) -> {
  "EnvironmentVariables": {},
  "DataCollectionEventsPort": 59093
}
TpTrace Information: 0 : 7092, 4, 2021/08/15, 09:55:20.377, 23950462141, vstest.console.dll, ProxyDataCollectionManager.BeforeTestRunStart: SendBeforeTestRunStartAndGetResult successful, env variable from datacollector:   and testhost port: 59093
TpTrace Information: 0 : 7092, 4, 2021/08/15, 09:55:20.377, 23950462966, vstest.console.dll, ProxyDataCollectionManager.InvokeDataCollectionServiceAction: Completed.
TpTrace Verbose: 0 : 7092, 1, 2021/08/15, 09:55:20.377, 23950465275, vstest.console.dll, TestRunRequest.ExecuteAsync: Creating test run request.
TpTrace Verbose: 0 : 7092, 1, 2021/08/15, 09:55:20.378, 23950467399, vstest.console.dll, TestRunRequest.ExecuteAsync: Starting.
TpTrace Information: 0 : 7092, 1, 2021/08/15, 09:55:20.378, 23950469687, vstest.console.dll, TestRunRequest.ExecuteAsync: Starting run with settings:TestRunCriteria:
   KeepAlive=False,FrequencyOfRunStatsChangeEvent=10,RunStatsChangeEventTimeout=00:00:01.5000000,TestCaseFilter=,TestExecutorLauncher=
   Settingsxml=<RunSettings>
  <RunConfiguration>
    <ResultsDirectory>C:\Users\hp\source\repos\DockerDemo\DockerDemo.Test\bin\Debug\net5.0\fine-code-coverage\coverage-tool-output</ResultsDirectory>
    <TargetPlatform>X64</TargetPlatform>
    <TargetFrameworkVersion>.NETCoreApp,Version=v5.0</TargetFrameworkVersion>
    <DesignMode>False</DesignMode>
    <CollectSourceInformation>False</CollectSourceInformation>
  </RunConfiguration>
  <LoggerRunSettings>
    <Loggers>
      <Logger friendlyName="blame" enabled="True" />
      <Logger friendlyName="Console" uri="logger://microsoft/TestPlatform/ConsoleLogger/v1" assemblyQualifiedName="Microsoft.VisualStudio.TestPlatform.CommandLine.Internal.ConsoleLogger, vstest.console, Version=15.0.0.0, Culture=neutral, PublicKeyToken=b03f5f7f11d50a3a" codeBase="C:\Program Files\dotnet\sdk\5.0.400\vstest.console.dll" enabled="True" />
    </Loggers>
  </LoggerRunSettings>
  <DataCollectionRunSettings>
    <DataCollectors>
      <DataCollector friendlyName="blame" enabled="True">
        <Configuration>
          <ResultsDirectory>C:\Users\hp\source\repos\DockerDemo\DockerDemo.Test\bin\Debug\net5.0\fine-code-coverage\coverage-tool-output</ResultsDirectory>
        </Configuration>
      </DataCollector>
    </DataCollectors>
  </DataCollectionRunSettings>
</RunSettings>

TpTrace Verbose: 0 : 7092, 1, 2021/08/15, 09:55:20.378, 23950470311, vstest.console.dll, TestRunRequest.ExecuteAsync: Wait for the first run request is over.
TpTrace Verbose: 0 : 7092, 1, 2021/08/15, 09:55:20.378, 23950473575, vstest.console.dll, ParallelProxyExecutionManager: Start execution. Total sources: 1
TpTrace Information: 0 : 7092, 1, 2021/08/15, 09:55:20.379, 23950478639, vstest.console.dll, ProxyParallelExecutionManager: Triggering test run for next source: C:\Users\hp\source\repos\DockerDemo\DockerDemo.Test\bin\Debug\net5.0\fine-code-coverage\build-output\DockerDemo.Test.dll
TpTrace Verbose: 0 : 7092, 6, 2021/08/15, 09:55:20.379, 23950480563, vstest.console.dll, ParallelProxyExecutionManager: Execution started. Started clients: 1
TpTrace Verbose: 0 : 7092, 1, 2021/08/15, 09:55:20.379, 23950481030, vstest.console.dll, ProxyParallelExecutionManager: No sources available for execution.
TpTrace Information: 0 : 7092, 1, 2021/08/15, 09:55:20.379, 23950481568, vstest.console.dll, TestRunRequest.ExecuteAsync: Started.
TpTrace Verbose: 0 : 7092, 1, 2021/08/15, 09:55:20.379, 23950482387, vstest.console.dll, TestRunRequest.WaitForCompletion: Waiting with timeout -1.
TpTrace Verbose: 0 : 7092, 6, 2021/08/15, 09:55:20.379, 23950483426, vstest.console.dll, TestRunRequest:SendTestRunMessage: Starting.
TpTrace Information: 0 : 7092, 6, 2021/08/15, 09:55:20.379, 23950484685, vstest.console.dll, TestRunRequest:SendTestRunMessage: Completed.
TpTrace Verbose: 0 : 7092, 6, 2021/08/15, 09:55:20.380, 23950486182, vstest.console.dll, ProxyExecutionManager: Test host is always Lazy initialize.
TpTrace Verbose: 0 : 7092, 6, 2021/08/15, 09:55:20.380, 23950490066, vstest.console.dll, TestRequestSender.InitializeCommunication: initialize communication. 
TpTrace Information: 0 : 7092, 6, 2021/08/15, 09:55:20.380, 23950494658, vstest.console.dll, SocketServer.Start: Listening on endpoint : 127.0.0.1:59094
TpTrace Verbose: 0 : 7092, 6, 2021/08/15, 09:55:20.381, 23950501970, vstest.console.dll, DotnetTestHostmanager: Adding  --runtimeconfig "C:\Users\hp\source\repos\DockerDemo\DockerDemo.Test\bin\Debug\net5.0\fine-code-coverage\build-output\DockerDemo.Test.runtimeconfig.json" in args
TpTrace Verbose: 0 : 7092, 6, 2021/08/15, 09:55:20.381, 23950503068, vstest.console.dll, DotnetTestHostmanager: Adding  --depsfile "C:\Users\hp\source\repos\DockerDemo\DockerDemo.Test\bin\Debug\net5.0\fine-code-coverage\build-output\DockerDemo.Test.deps.json" in args
TpTrace Verbose: 0 : 7092, 6, 2021/08/15, 09:55:20.381, 23950504754, vstest.console.dll, DotnetTestHostManager: Testhost.exe/testhost.x86.exe found at path: C:\Users\hp\source\repos\DockerDemo\DockerDemo.Test\bin\Debug\net5.0\fine-code-coverage\build-output\testhost.exe
TpTrace Verbose: 0 : 7092, 6, 2021/08/15, 09:55:20.381, 23950505141, vstest.console.dll, DotnetTestHostmanager: Full path of host exe is C:\Users\hp\source\repos\DockerDemo\DockerDemo.Test\bin\Debug\net5.0\fine-code-coverage\build-output\testhost.exe
TpTrace Verbose: 0 : 7092, 4, 2021/08/15, 09:55:20.382, 23950514468, vstest.console.dll, DotnetTestHostManager: Starting process 'C:\Users\hp\source\repos\DockerDemo\DockerDemo.Test\bin\Debug\net5.0\fine-code-coverage\build-output\testhost.exe' with command line ' --runtimeconfig "C:\Users\hp\source\repos\DockerDemo\DockerDemo.Test\bin\Debug\net5.0\fine-code-coverage\build-output\DockerDemo.Test.runtimeconfig.json" --depsfile "C:\Users\hp\source\repos\DockerDemo\DockerDemo.Test\bin\Debug\net5.0\fine-code-coverage\build-output\DockerDemo.Test.deps.json" --port 59094 --endpoint 127.0.0.1:059094 --role client --parentprocessid 7092 --diag "C:\Users\hp\source\repos\DockerDemo\DockerDemo.Test\bin\Debug\net5.0\fine-code-coverage\coverage-tool-output\diagnostics.host.21-08-15_09-55-20_38117_6.log" --tracelevel 4 --datacollectionport 59093 --telemetryoptedin false'
TpTrace Verbose: 0 : 7092, 4, 2021/08/15, 09:55:20.389, 23950583223, vstest.console.dll, Test Runtime launched
TpTrace Verbose: 0 : 7092, 6, 2021/08/15, 09:55:20.390, 23950591569, vstest.console.dll, TestRequestSender.WaitForRequestHandlerConnection: waiting for connection with timeout: 90000
TpTrace Verbose: 0 : 7092, 4, 2021/08/15, 09:55:20.564, 23952331266, vstest.console.dll, SocketServer.OnClientConnected: Client connected for endPoint: 127.0.0.1:59094, starting MessageLoopAsync:
TpTrace Verbose: 0 : 7092, 4, 2021/08/15, 09:55:20.564, 23952333526, vstest.console.dll, TcpClientExtensions.MessageLoopAsync: Polling on remoteEndPoint: 127.0.0.1:59095 localEndPoint: 127.0.0.1:59094
TpTrace Verbose: 0 : 7092, 4, 2021/08/15, 09:55:20.696, 23953654574, vstest.console.dll, TcpClientExtensions.MessageLoopAsync: NotifyDataAvailable remoteEndPoint: 127.0.0.1:59095 localEndPoint: 127.0.0.1:59094
TpTrace Verbose: 0 : 7092, 4, 2021/08/15, 09:55:20.697, 23953658277, vstest.console.dll, TestRequestSender.CheckVersionWithTestHost: onMessageReceived received message: (ProtocolVersion) -> 5
TpTrace Verbose: 0 : 7092, 4, 2021/08/15, 09:55:20.697, 23953662169, vstest.console.dll, TcpClientExtensions.MessageLoopAsync: Polling on remoteEndPoint: 127.0.0.1:59095 localEndPoint: 127.0.0.1:59094
TpTrace Verbose: 0 : 7092, 6, 2021/08/15, 09:55:20.697, 23953663877, vstest.console.dll, TestPluginCache.GetExtensionPaths: Filtered extension paths: 
TpTrace Verbose: 0 : 7092, 6, 2021/08/15, 09:55:20.697, 23953664655, vstest.console.dll, TestPluginCache.GetExtensionPaths: Added default extension paths: C:\Program Files\dotnet\sdk\5.0.400\Extensions\Microsoft.Diagnostics.NETCore.Client.dll
C:\Program Files\dotnet\sdk\5.0.400\Extensions\Microsoft.TestPlatform.Extensions.BlameDataCollector.dll
C:\Program Files\dotnet\sdk\5.0.400\Extensions\Microsoft.TestPlatform.Extensions.EventLogCollector.dll
C:\Program Files\dotnet\sdk\5.0.400\Extensions\Microsoft.TestPlatform.TestHostRuntimeProvider.dll
C:\Program Files\dotnet\sdk\5.0.400\Extensions\Microsoft.VisualStudio.TestPlatform.Extensions.Html.TestLogger.dll
C:\Program Files\dotnet\sdk\5.0.400\Extensions\Microsoft.VisualStudio.TestPlatform.Extensions.Trx.TestLogger.dll
TpTrace Verbose: 0 : 7092, 6, 2021/08/15, 09:55:20.697, 23953665054, vstest.console.dll, TestPluginCache.GetExtensionPaths: Added unfilterableExtensionPaths: 
TpTrace Verbose: 0 : 7092, 6, 2021/08/15, 09:55:20.701, 23953699590, vstest.console.dll, TestRequestSender.InitializeExecution: Sending initializing execution with message: {"Version":5,"MessageType":"TestExecution.Initialize","Payload":["C:\\Users\\hp\\source\\repos\\DockerDemo\\DockerDemo.Test\\bin\\Debug\\net5.0\\fine-code-coverage\\build-output\\xunit.runner.visualstudio.dotnetcore.testadapter.dll"]}
TpTrace Verbose: 0 : 7092, 4, 2021/08/15, 09:55:20.707, 23953759083, vstest.console.dll, TcpClientExtensions.MessageLoopAsync: NotifyDataAvailable remoteEndPoint: 127.0.0.1:59095 localEndPoint: 127.0.0.1:59094
TpTrace Verbose: 0 : 7092, 4, 2021/08/15, 09:55:20.707, 23953763622, vstest.console.dll, TestRequestSender.OnExecutionMessageReceived: Received message: {"Version":5,"MessageType":"TestSession.Message","Payload":{"MessageLevel":0,"Message":"Logging TestHost Diagnostics in file: C:\\Users\\hp\\source\\repos\\DockerDemo\\DockerDemo.Test\\bin\\Debug\\net5.0\\fine-code-coverage\\coverage-tool-output\\diagnostics.host.21-08-15_09-55-20_38117_6.log"}}
TpTrace Verbose: 0 : 7092, 6, 2021/08/15, 09:55:20.709, 23953780733, vstest.console.dll, TestRequestSender.StartTestRun: Sending test run with message: {"Version":5,"MessageType":"TestExecution.StartWithSources","Payload":{"AdapterSourceMap":{"_none_":["C:\\Users\\hp\\source\\repos\\DockerDemo\\DockerDemo.Test\\bin\\Debug\\net5.0\\fine-code-coverage\\build-output\\DockerDemo.Test.dll"]},"RunSettings":"<RunSettings>\r\n  <RunConfiguration>\r\n    <ResultsDirectory>C:\\Users\\hp\\source\\repos\\DockerDemo\\DockerDemo.Test\\bin\\Debug\\net5.0\\fine-code-coverage\\coverage-tool-output</ResultsDirectory>\r\n    <TargetPlatform>X64</TargetPlatform>\r\n    <TargetFrameworkVersion>.NETCoreApp,Version=v5.0</TargetFrameworkVersion>\r\n    <DesignMode>False</DesignMode>\r\n    <CollectSourceInformation>False</CollectSourceInformation>\r\n  </RunConfiguration>\r\n  <LoggerRunSettings>\r\n    <Loggers>\r\n      <Logger friendlyName=\"blame\" enabled=\"True\" />\r\n      <Logger friendlyName=\"Console\" uri=\"logger://microsoft/TestPlatform/ConsoleLogger/v1\" assemblyQualifiedName=\"Microsoft.VisualStudio.TestPlatform.CommandLine.Internal.ConsoleLogger, vstest.console, Version=15.0.0.0, Culture=neutral, PublicKeyToken=b03f5f7f11d50a3a\" codeBase=\"C:\\Program Files\\dotnet\\sdk\\5.0.400\\vstest.console.dll\" enabled=\"True\" />\r\n    </Loggers>\r\n  </LoggerRunSettings>\r\n  <DataCollectionRunSettings>\r\n    <DataCollectors>\r\n      <DataCollector friendlyName=\"blame\" enabled=\"True\">\r\n        <Configuration>\r\n          <ResultsDirectory>C:\\Users\\hp\\source\\repos\\DockerDemo\\DockerDemo.Test\\bin\\Debug\\net5.0\\fine-code-coverage\\coverage-tool-output</ResultsDirectory>\r\n        </Configuration>\r\n      </DataCollector>\r\n    </DataCollectors>\r\n  </DataCollectionRunSettings>\r\n</RunSettings>","TestExecutionContext":{"FrequencyOfRunStatsChangeEvent":10,"RunStatsChangeEventTimeout":"00:00:01.5000000","InIsolation":false,"KeepAlive":false,"AreTestCaseLevelEventsRequired":false,"IsDebug":false,"TestCaseFilter":null,"FilterOptions":null},"Package":null}}
TpTrace Verbose: 0 : 7092, 4, 2021/08/15, 09:55:20.710, 23953791302, vstest.console.dll, TestRunRequest:SendTestRunMessage: Starting.
TpTrace Information: 0 : 7092, 4, 2021/08/15, 09:55:20.710, 23953792171, vstest.console.dll, TestRunRequest:SendTestRunMessage: Completed.
TpTrace Verbose: 0 : 7092, 4, 2021/08/15, 09:55:20.710, 23953792709, vstest.console.dll, TcpClientExtensions.MessageLoopAsync: Polling on remoteEndPoint: 127.0.0.1:59095 localEndPoint: 127.0.0.1:59094
TpTrace Verbose: 0 : 7092, 4, 2021/08/15, 09:55:20.847, 23955155983, vstest.console.dll, TcpClientExtensions.MessageLoopAsync: NotifyDataAvailable remoteEndPoint: 127.0.0.1:59095 localEndPoint: 127.0.0.1:59094
TpTrace Verbose: 0 : 7092, 4, 2021/08/15, 09:55:20.847, 23955157504, vstest.console.dll, TestRequestSender.OnExecutionMessageReceived: Received message: {"Version":5,"MessageType":"TestSession.Message","Payload":{"MessageLevel":0,"Message":"[xUnit.net 00:00:00.00] xUnit.net VSTest Adapter v2.4.3+1b45f5407b (64-bit .NET 5.0.9)"}}
TpTrace Verbose: 0 : 7092, 4, 2021/08/15, 09:55:20.847, 23955159524, vstest.console.dll, TestRunRequest:SendTestRunMessage: Starting.
TpTrace Information: 0 : 7092, 4, 2021/08/15, 09:55:20.847, 23955159983, vstest.console.dll, TestRunRequest:SendTestRunMessage: Completed.
TpTrace Verbose: 0 : 7092, 4, 2021/08/15, 09:55:20.847, 23955160581, vstest.console.dll, TcpClientExtensions.MessageLoopAsync: Polling on remoteEndPoint: 127.0.0.1:59095 localEndPoint: 127.0.0.1:59094
TpTrace Verbose: 0 : 7092, 4, 2021/08/15, 09:55:21.177, 23958459996, vstest.console.dll, TcpClientExtensions.MessageLoopAsync: NotifyDataAvailable remoteEndPoint: 127.0.0.1:59095 localEndPoint: 127.0.0.1:59094
TpTrace Verbose: 0 : 7092, 4, 2021/08/15, 09:55:21.177, 23958461683, vstest.console.dll, TestRequestSender.OnExecutionMessageReceived: Received message: {"Version":5,"MessageType":"TestSession.Message","Payload":{"MessageLevel":0,"Message":"[xUnit.net 00:00:00.33]   Discovering: DockerDemo.Test"}}
TpTrace Verbose: 0 : 7092, 4, 2021/08/15, 09:55:21.177, 23958463510, vstest.console.dll, TestRunRequest:SendTestRunMessage: Starting.
TpTrace Information: 0 : 7092, 4, 2021/08/15, 09:55:21.177, 23958464137, vstest.console.dll, TestRunRequest:SendTestRunMessage: Completed.
TpTrace Verbose: 0 : 7092, 4, 2021/08/15, 09:55:21.177, 23958464391, vstest.console.dll, TcpClientExtensions.MessageLoopAsync: Polling on remoteEndPoint: 127.0.0.1:59095 localEndPoint: 127.0.0.1:59094
TpTrace Verbose: 0 : 7092, 4, 2021/08/15, 09:55:21.210, 23958786134, vstest.console.dll, TcpClientExtensions.MessageLoopAsync: NotifyDataAvailable remoteEndPoint: 127.0.0.1:59095 localEndPoint: 127.0.0.1:59094
TpTrace Verbose: 0 : 7092, 4, 2021/08/15, 09:55:21.210, 23958787715, vstest.console.dll, TestRequestSender.OnExecutionMessageReceived: Received message: {"Version":5,"MessageType":"TestSession.Message","Payload":{"MessageLevel":0,"Message":"[xUnit.net 00:00:00.37]   Discovered:  DockerDemo.Test"}}
TpTrace Verbose: 0 : 7092, 4, 2021/08/15, 09:55:21.210, 23958789268, vstest.console.dll, TestRunRequest:SendTestRunMessage: Starting.
TpTrace Information: 0 : 7092, 4, 2021/08/15, 09:55:21.210, 23958790025, vstest.console.dll, TestRunRequest:SendTestRunMessage: Completed.
TpTrace Verbose: 0 : 7092, 4, 2021/08/15, 09:55:21.210, 23958790300, vstest.console.dll, TcpClientExtensions.MessageLoopAsync: Polling on remoteEndPoint: 127.0.0.1:59095 localEndPoint: 127.0.0.1:59094
TpTrace Verbose: 0 : 7092, 4, 2021/08/15, 09:55:21.212, 23958806050, vstest.console.dll, TcpClientExtensions.MessageLoopAsync: NotifyDataAvailable remoteEndPoint: 127.0.0.1:59095 localEndPoint: 127.0.0.1:59094
TpTrace Verbose: 0 : 7092, 4, 2021/08/15, 09:55:21.212, 23958807010, vstest.console.dll, TestRequestSender.OnExecutionMessageReceived: Received message: {"Version":5,"MessageType":"TestSession.Message","Payload":{"MessageLevel":0,"Message":"[xUnit.net 00:00:00.37]   Starting:    DockerDemo.Test"}}
TpTrace Verbose: 0 : 7092, 4, 2021/08/15, 09:55:21.212, 23958808559, vstest.console.dll, TestRunRequest:SendTestRunMessage: Starting.
TpTrace Information: 0 : 7092, 4, 2021/08/15, 09:55:21.212, 23958809336, vstest.console.dll, TestRunRequest:SendTestRunMessage: Completed.
TpTrace Verbose: 0 : 7092, 4, 2021/08/15, 09:55:21.212, 23958809607, vstest.console.dll, TcpClientExtensions.MessageLoopAsync: Polling on remoteEndPoint: 127.0.0.1:59095 localEndPoint: 127.0.0.1:59094
TpTrace Verbose: 0 : 7092, 4, 2021/08/15, 09:55:21.309, 23959780602, vstest.console.dll, TcpClientExtensions.MessageLoopAsync: NotifyDataAvailable remoteEndPoint: 127.0.0.1:59095 localEndPoint: 127.0.0.1:59094
TpTrace Verbose: 0 : 7092, 4, 2021/08/15, 09:55:21.309, 23959782725, vstest.console.dll, TestRequestSender.OnExecutionMessageReceived: Received message: {"Version":5,"MessageType":"TestSession.Message","Payload":{"MessageLevel":0,"Message":"[xUnit.net 00:00:00.46]   Finished:    DockerDemo.Test"}}
TpTrace Verbose: 0 : 7092, 4, 2021/08/15, 09:55:21.309, 23959785388, vstest.console.dll, TestRunRequest:SendTestRunMessage: Starting.
TpTrace Information: 0 : 7092, 4, 2021/08/15, 09:55:21.310, 23959786909, vstest.console.dll, TestRunRequest:SendTestRunMessage: Completed.
TpTrace Verbose: 0 : 7092, 4, 2021/08/15, 09:55:21.310, 23959787427, vstest.console.dll, TcpClientExtensions.MessageLoopAsync: Polling on remoteEndPoint: 127.0.0.1:59095 localEndPoint: 127.0.0.1:59094
TpTrace Verbose: 0 : 7092, 4, 2021/08/15, 09:55:21.347, 23960158342, vstest.console.dll, TcpClientExtensions.MessageLoopAsync: NotifyDataAvailable remoteEndPoint: 127.0.0.1:59095 localEndPoint: 127.0.0.1:59094
TpTrace Verbose: 0 : 7092, 4, 2021/08/15, 09:55:21.347, 23960160296, vstest.console.dll, TestRequestSender.OnExecutionMessageReceived: Received message: {"Version":5,"MessageType":"TestExecution.Completed","Payload":{"TestRunCompleteArgs":{"TestRunStatistics":{"ExecutedTests":1,"Stats":{"Passed":1}},"IsCanceled":false,"IsAborted":false,"Error":null,"AttachmentSets":[],"ElapsedTimeInRunningTests":"00:00:00.4791081","Metrics":{}},"LastRunTests":{"NewTestResults":[{"TestCase":{"Id":"23339796-d14f-471b-0372-580722c42530","FullyQualifiedName":"DockerDemo.Test.UnitTest1.Test1","DisplayName":"DockerDemo.Test.UnitTest1.Test1","ExecutorUri":"executor://xunit/VsTestRunner2/netcoreapp","Source":"C:\\Users\\hp\\source\\repos\\DockerDemo\\DockerDemo.Test\\bin\\Debug\\net5.0\\fine-code-coverage\\build-output\\DockerDemo.Test.dll","CodeFilePath":null,"LineNumber":0,"Properties":[]},"Attachments":[],"Outcome":1,"ErrorMessage":null,"ErrorStackTrace":null,"DisplayName":"DockerDemo.Test.UnitTest1.Test1","Messages":[],"ComputerName":"ALLOSPC","Duration":"00:00:00.0026078","StartTime":"2021-08-15T08:55:21.2863324+00:00","EndTime":"2021-08-15T08:55:21.2863934+00:00","Properties":[]}],"TestRunStatistics":{"ExecutedTests":1,"Stats":{"Passed":1}},"ActiveTests":[]},"RunAttachments":[],"ExecutorUris":["executor://xunit/VsTestRunner2/netcoreapp"]}}
TpTrace Verbose: 0 : 7092, 4, 2021/08/15, 09:55:21.349, 23960181015, vstest.console.dll, TestRequestSender.EndSession: Sending end session.
TpTrace Verbose: 0 : 7092, 4, 2021/08/15, 09:55:21.349, 23960182137, vstest.console.dll, ProxyOperationManager.Close: waiting for test host to exit for 100 ms
TpTrace Warning: 0 : 7092, 10, 2021/08/15, 09:55:21.369, 23960377708, vstest.console.dll, TestHostManagerCallbacks.ErrorReceivedCallback Test host standard error line: 
TpTrace Verbose: 0 : 7092, 7, 2021/08/15, 09:55:21.377, 23960456551, vstest.console.dll, TestHostProvider.ExitCallBack: Host exited starting callback.
TpTrace Information: 0 : 7092, 7, 2021/08/15, 09:55:21.377, 23960461432, vstest.console.dll, TestHostManagerCallbacks.ExitCallBack: Testhost processId: 2936 exited with exitcode: 0 error: ''
TpTrace Verbose: 0 : 7092, 7, 2021/08/15, 09:55:21.377, 23960461883, vstest.console.dll, DotnetTestHostManager.OnHostExited: invoking OnHostExited callback
TpTrace Verbose: 0 : 7092, 7, 2021/08/15, 09:55:21.377, 23960462273, vstest.console.dll, CrossPlatEngine.TestHostManagerHostExited: calling on client process exit callback.
TpTrace Information: 0 : 7092, 7, 2021/08/15, 09:55:21.377, 23960462704, vstest.console.dll, TestRequestSender.OnClientProcessExit: Test host process exited. Standard error: 
TpTrace Information: 0 : 7092, 7, 2021/08/15, 09:55:21.377, 23960463297, vstest.console.dll, SocketServer.Stop: Stop server endPoint: 127.0.0.1:59094
TpTrace Information: 0 : 7092, 7, 2021/08/15, 09:55:21.377, 23960463471, vstest.console.dll, SocketServer.Stop: Cancellation requested. Stopping message loop.
TpTrace Warning: 0 : 7092, 4, 2021/08/15, 09:55:21.377, 23960463480, vstest.console.dll, ProxyOperationManager: Timed out waiting for test host to exit. Will terminate process.
TpTrace Verbose: 0 : 7092, 4, 2021/08/15, 09:55:21.378, 23960468192, vstest.console.dll, ProxyDataCollectionManager.InvokeDataCollectionServiceAction: Starting.
TpTrace Information: 0 : 7092, 4, 2021/08/15, 09:55:21.378, 23960468619, vstest.console.dll, ProxyDataCollectionManager.AfterTestRunEnd: Get attachment set for datacollector processId: 13136 port: 59091
TpTrace Verbose: 0 : 7092, 4, 2021/08/15, 09:55:21.378, 23960468966, vstest.console.dll, DataCollectionRequestSender.SendAfterTestRunStartAndGetResult : Send AfterTestRunEnd message with isCancelled: False
TpTrace Verbose: 0 : 7092, 4, 2021/08/15, 09:55:21.382, 23960506342, vstest.console.dll, DataCollectionRequestSender.SendAfterTestRunStartAndGetResult : Received message: (DataCollection.AfterTestRunEndResult) -> {
  "AttachmentSets": [],
  "Metrics": {}
}
TpTrace Information: 0 : 7092, 4, 2021/08/15, 09:55:21.385, 23960543266, vstest.console.dll, ProxyDataCollectionManager.InvokeDataCollectionServiceAction: Completed.
TpTrace Warning: 0 : 7092, 9, 2021/08/15, 09:55:21.386, 23960549707, vstest.console.dll, DataCollectionLauncher.ErrorReceivedCallback datacollector standard error line: 
TpTrace Information: 0 : 7092, 7, 2021/08/15, 09:55:21.391, 23960599801, vstest.console.dll, DataCollectionLauncher.ExitCallBack: Data collector exited with exitcode: 0 error: ''
TpTrace Verbose: 0 : 7092, 4, 2021/08/15, 09:55:21.422, 23960910874, vstest.console.dll, TestRunRequest:SendTestRunStatsChange: Starting.
TpTrace Information: 0 : 7092, 4, 2021/08/15, 09:55:21.422, 23960913139, vstest.console.dll, TestRunRequest:SendTestRunStatsChange: Completed.
TpTrace Verbose: 0 : 7092, 4, 2021/08/15, 09:55:21.422, 23960914722, vstest.console.dll, ParallelProxyExecutionManager: HandlePartialRunComplete: Total completed clients = 1, Run complete = True, Run canceled: False.
TpTrace Verbose: 0 : 7092, 4, 2021/08/15, 09:55:21.448, 23961167988, vstest.console.dll, TestRunRequest:TestRunComplete: Starting. IsAborted:False IsCanceled:False.
TpTrace Verbose: 0 : 7092, 4, 2021/08/15, 09:55:21.448, 23961169454, vstest.console.dll, TestLoggerManager.HandleTestRunComplete: Ignoring as the object is disposed.
TpTrace Information: 0 : 7092, 4, 2021/08/15, 09:55:21.448, 23961171696, vstest.console.dll, TestRunRequest:TestRunComplete: Completed.
TpTrace Verbose: 0 : 7092, 4, 2021/08/15, 09:55:21.448, 23961172074, vstest.console.dll, TestRequestSender.SetOperationComplete: Setting operation complete.
TpTrace Information: 0 : 7092, 4, 2021/08/15, 09:55:21.448, 23961172314, vstest.console.dll, SocketServer.Stop: Stop server endPoint: 127.0.0.1:59094
TpTrace Information: 0 : 7092, 4, 2021/08/15, 09:55:21.448, 23961172527, vstest.console.dll, SocketServer.Stop: Cancellation requested. Stopping message loop.
TpTrace Verbose: 0 : 7092, 1, 2021/08/15, 09:55:21.448, 23961172281, vstest.console.dll, TestRunRequest.Dispose: Starting.
TpTrace Information: 0 : 7092, 1, 2021/08/15, 09:55:21.448, 23961173245, vstest.console.dll, TestRunRequest.Dispose: Completed.
TpTrace Information: 0 : 7092, 1, 2021/08/15, 09:55:21.448, 23961173578, vstest.console.dll, TestRequestManager.RunTests: run tests completed.
TpTrace Information: 0 : 7092, 4, 2021/08/15, 09:55:21.448, 23961172813, vstest.console.dll, SocketServer.PrivateStop: Stop server endPoint: 127.0.0.1:59094 error: 
TpTrace Information: 0 : 7092, 1, 2021/08/15, 09:55:21.448, 23961174359, vstest.console.dll, RunTestsArgumentProcessor:Execute: Test run is completed.
TpTrace Verbose: 0 : 7092, 1, 2021/08/15, 09:55:21.449, 23961175989, vstest.console.dll, Executor.Execute: Exiting with exit code of 0
TpTrace Verbose: 0 : 7092, 4, 2021/08/15, 09:55:21.449, 23961180943, vstest.console.dll, LengthPrefixCommunicationChannel.Dispose: Dispose reader and writer.
TpTrace Information: 0 : 7092, 4, 2021/08/15, 09:55:21.449, 23961181593, vstest.console.dll, SocketServer.Stop: Raise disconnected event endPoint: 127.0.0.1:59094 error: 
TpTrace Verbose: 0 : 7092, 4, 2021/08/15, 09:55:21.449, 23961182087, vstest.console.dll, TestRequestSender: OnTestRunAbort: Operation is already complete. Skip error message.
TpTrace Verbose: 0 : 7092, 4, 2021/08/15, 09:55:21.449, 23961182323, vstest.console.dll, TcpClientExtensions.MessageLoopAsync: exiting MessageLoopAsync remoteEndPoint: 127.0.0.1:59095 localEndPoint: 127.0.0.1:59094
